# JRE version: OpenJDK Runtime Environment (16.0.2+7) (build 16.0.2+7-67)
# Java VM: OpenJDK 64-Bit Server VM (16.0.2+7-67, mixed mode, tiered, compressed oops, compressed class ptrs, g1 gc, windows-amd64)
GC Precious Log:
 CPUs: 8 total, 8 available
 Memory: 16258M
 Large Page Support: Disabled
 NUMA Support: Disabled
 Compressed Oops: Enabled (Zero based)
 Heap Region Size: 2M
 Heap Min Capacity: 8M
 Heap Initial Capacity: 256M
 Heap Max Capacity: 4066M
 Pre-touch: Disabled
 Parallel Workers: 8
 Concurrent Workers: 2
 Concurrent Refinement Workers: 8
 Periodic GC: Disabled
Heap:
 garbage-first heap   total 161792K, used 73580K [0x0000000701e00000, 0x0000000800000000)
  region size 2048K, 12 young (24576K), 3 survivors (6144K)
 Metaspace       used 79204K, committed 79680K, reserved 1122304K
  class space    used 9607K, committed 9856K, reserved 1048576K
GC Heap History (20 events):
Event: 15.184 GC heap before
{Heap before GC invocations=25 (full 0):
 garbage-first heap   total 122880K, used 89048K [0x0000000701e00000, 0x0000000800000000)
  region size 2048K, 21 young (43008K), 4 survivors (8192K)
 Metaspace       used 63787K, committed 64256K, reserved 1105920K
  class space    used 7798K, committed 8000K, reserved 1048576K
}
Event: 15.194 GC heap after
{Heap after GC invocations=26 (full 0):
 garbage-first heap   total 122880K, used 66032K [0x0000000701e00000, 0x0000000800000000)
  region size 2048K, 3 young (6144K), 3 survivors (6144K)
 Metaspace       used 63787K, committed 64256K, reserved 1105920K
  class space    used 7798K, committed 8000K, reserved 1048576K
}
Event: 15.492 GC heap before
{Heap before GC invocations=26 (full 0):
 garbage-first heap   total 122880K, used 88560K [0x0000000701e00000, 0x0000000800000000)
  region size 2048K, 15 young (30720K), 3 survivors (6144K)
 Metaspace       used 65880K, committed 66368K, reserved 1114112K
  class space    used 8042K, committed 8256K, reserved 1048576K
}
Event: 15.498 GC heap after
{Heap after GC invocations=27 (full 0):
 garbage-first heap   total 161792K, used 68944K [0x0000000701e00000, 0x0000000800000000)
  region size 2048K, 2 young (4096K), 2 survivors (4096K)
 Metaspace       used 65880K, committed 66368K, reserved 1114112K
  class space    used 8042K, committed 8256K, reserved 1048576K
}
Event: 63.711 GC heap before
{Heap before GC invocations=28 (full 0):
 garbage-first heap   total 161792K, used 109904K [0x0000000701e00000, 0x0000000800000000)
  region size 2048K, 26 young (53248K), 2 survivors (4096K)
 Metaspace       used 69864K, committed 70272K, reserved 1114112K
  class space    used 8477K, committed 8704K, reserved 1048576K
}
Event: 63.717 GC heap after
{Heap after GC invocations=29 (full 0):
 garbage-first heap   total 161792K, used 63401K [0x0000000701e00000, 0x0000000800000000)
  region size 2048K, 2 young (4096K), 2 survivors (4096K)
 Metaspace       used 69864K, committed 70272K, reserved 1114112K
  class space    used 8477K, committed 8704K, reserved 1048576K
}
Event: 63.771 GC heap before
{Heap before GC invocations=29 (full 0):
 garbage-first heap   total 161792K, used 65449K [0x0000000701e00000, 0x0000000800000000)
  region size 2048K, 3 young (6144K), 2 survivors (4096K)
 Metaspace       used 70188K, committed 70656K, reserved 1114112K
  class space    used 8511K, committed 8704K, reserved 1048576K
}
Event: 63.778 GC heap after
{Heap after GC invocations=30 (full 0):
 garbage-first heap   total 161792K, used 53278K [0x0000000701e00000, 0x0000000800000000)
  region size 2048K, 1 young (2048K), 1 survivors (2048K)
 Metaspace       used 70188K, committed 70656K, reserved 1114112K
  class space    used 8511K, committed 8704K, reserved 1048576K
}
Event: 131.847 GC heap before
{Heap before GC invocations=30 (full 0):
 garbage-first heap   total 161792K, used 118814K [0x0000000701e00000, 0x0000000800000000)
  region size 2048K, 34 young (69632K), 1 survivors (2048K)
 Metaspace       used 76590K, committed 77056K, reserved 1122304K
  class space    used 9278K, committed 9536K, reserved 1048576K
}
Event: 131.850 GC heap after
{Heap after GC invocations=31 (full 0):
 garbage-first heap   total 161792K, used 55043K [0x0000000701e00000, 0x0000000800000000)
  region size 2048K, 2 young (4096K), 2 survivors (4096K)
 Metaspace       used 76590K, committed 77056K, reserved 1122304K
  class space    used 9278K, committed 9536K, reserved 1048576K
}
Event: 377.275 GC heap before
{Heap before GC invocations=31 (full 0):
 garbage-first heap   total 161792K, used 124675K [0x0000000701e00000, 0x0000000800000000)
  region size 2048K, 36 young (73728K), 2 survivors (4096K)
 Metaspace       used 78935K, committed 79360K, reserved 1122304K
  class space    used 9587K, committed 9792K, reserved 1048576K
}
Event: 377.282 GC heap after
{Heap after GC invocations=32 (full 0):
 garbage-first heap   total 161792K, used 56149K [0x0000000701e00000, 0x0000000800000000)
  region size 2048K, 2 young (4096K), 2 survivors (4096K)
 Metaspace       used 78935K, committed 79360K, reserved 1122304K
  class space    used 9587K, committed 9792K, reserved 1048576K
}
Event: 721.470 GC heap before
{Heap before GC invocations=32 (full 0):
 garbage-first heap   total 161792K, used 125781K [0x0000000701e00000, 0x0000000800000000)
  region size 2048K, 36 young (73728K), 2 survivors (4096K)
 Metaspace       used 78973K, committed 79424K, reserved 1122304K
  class space    used 9587K, committed 9792K, reserved 1048576K
}
Event: 721.517 GC heap after
{Heap after GC invocations=33 (full 0):
 garbage-first heap   total 161792K, used 56286K [0x0000000701e00000, 0x0000000800000000)
  region size 2048K, 2 young (4096K), 2 survivors (4096K)
 Metaspace       used 78973K, committed 79424K, reserved 1122304K
  class space    used 9587K, committed 9792K, reserved 1048576K
}
Event: 1101.374 GC heap before
{Heap before GC invocations=33 (full 0):
 garbage-first heap   total 161792K, used 130014K [0x0000000701e00000, 0x0000000800000000)
  region size 2048K, 38 young (77824K), 2 survivors (4096K)
 Metaspace       used 78985K, committed 79424K, reserved 1122304K
  class space    used 9587K, committed 9792K, reserved 1048576K
}
Event: 1101.401 GC heap after
{Heap after GC invocations=34 (full 0):
 garbage-first heap   total 161792K, used 56374K [0x0000000701e00000, 0x0000000800000000)
  region size 2048K, 3 young (6144K), 3 survivors (6144K)
 Metaspace       used 78985K, committed 79424K, reserved 1122304K
  class space    used 9587K, committed 9792K, reserved 1048576K
}
Event: 1494.135 GC heap before
{Heap before GC invocations=34 (full 0):
 garbage-first heap   total 161792K, used 130102K [0x0000000701e00000, 0x0000000800000000)
  region size 2048K, 39 young (79872K), 3 survivors (6144K)
 Metaspace       used 78985K, committed 79424K, reserved 1122304K
  class space    used 9587K, committed 9792K, reserved 1048576K
}
Event: 1494.146 GC heap after
{Heap after GC invocations=35 (full 0):
 garbage-first heap   total 161792K, used 56286K [0x0000000701e00000, 0x0000000800000000)
  region size 2048K, 2 young (4096K), 2 survivors (4096K)
 Metaspace       used 78985K, committed 79424K, reserved 1122304K
  class space    used 9587K, committed 9792K, reserved 1048576K
}
Event: 1898.165 GC heap before
{Heap before GC invocations=35 (full 0):
 garbage-first heap   total 161792K, used 134110K [0x0000000701e00000, 0x0000000800000000)
  region size 2048K, 40 young (81920K), 2 survivors (4096K)
 Metaspace       used 79035K, committed 79488K, reserved 1122304K
  class space    used 9587K, committed 9792K, reserved 1048576K
}
Event: 1898.181 GC heap after
{Heap after GC invocations=36 (full 0):
 garbage-first heap   total 161792K, used 57196K [0x0000000701e00000, 0x0000000800000000)
  region size 2048K, 3 young (6144K), 3 survivors (6144K)
 Metaspace       used 79035K, committed 79488K, reserved 1122304K
  class space    used 9587K, committed 9792K, reserved 1048576K
}

